# JRE version: 7.0_07-b11
# Java VM: Java HotSpot(TM) Client VM (23.3-b01 mixed mode windows-x86 )
Heap
 def new generation   total 4928K, used 4445K [0x0f010000, 0x0f560000, 0x14560000)
  eden space 4416K,  97% used [0x0f010000, 0x0f442ed8, 0x0f460000)
  from space 512K,  28% used [0x0f4e0000, 0x0f504658, 0x0f560000)
  to   space 512K,   0% used [0x0f460000, 0x0f460000, 0x0f4e0000)
 tenured generation   total 10944K, used 4819K [0x14560000, 0x15010000, 0x1f010000)
   the space 10944K,  44% used [0x14560000, 0x14a14ef0, 0x14a15000, 0x15010000)
 compacting perm gen  total 12288K, used 6572K [0x1f010000, 0x1fc10000, 0x23010000)
   the space 12288K,  53% used [0x1f010000, 0x1f67b190, 0x1f67b200, 0x1fc10000)
GC Heap History (10 events):
Event: 17.302 GC heap before
{Heap before GC invocations=2 (full 0):
 def new generation   total 4928K, used 4925K [0x0f010000, 0x0f560000, 0x14560000)
  eden space 4416K,  99% used [0x0f010000, 0x0f45f7a0, 0x0f460000)
  from space 512K, 100% used [0x0f460000, 0x0f4e0000, 0x0f4e0000)
  to   space 512K,   0% used [0x0f4e0000, 0x0f4e0000, 0x0f560000)
 tenured generation   total 10944K, used 1617K [0x14560000, 0x15010000, 0x1f010000)
   the space 10944K,  14% used [0x14560000, 0x146f4790, 0x146f4800, 0x15010000)
 compacting perm gen  total 12288K, used 5866K [0x1f010000, 0x1fc10000, 0x23010000)
   the space 12288K,  47% used [0x1f010000, 0x1f5ca8e0, 0x1f5caa00, 0x1fc10000)
No shared spaces configured.
Event: 17.313 GC heap after
Heap after GC invocations=3 (full 0):
 def new generation   total 4928K, used 297K [0x0f010000, 0x0f560000, 0x14560000)
  eden space 4416K,   0% used [0x0f010000, 0x0f010000, 0x0f460000)
  from space 512K,  58% used [0x0f4e0000, 0x0f52a750, 0x0f560000)
  to   space 512K,   0% used [0x0f460000, 0x0f460000, 0x0f4e0000)
 tenured generation   total 10944K, used 4540K [0x14560000, 0x15010000, 0x1f010000)
   the space 10944K,  41% used [0x14560000, 0x149cf340, 0x149cf400, 0x15010000)
 compacting perm gen  total 12288K, used 5866K [0x1f010000, 0x1fc10000, 0x23010000)
   the space 12288K,  47% used [0x1f010000, 0x1f5ca8e0, 0x1f5caa00, 0x1fc10000)
No shared spaces configured.
}
Event: 18.845 GC heap before
{Heap before GC invocations=3 (full 0):
 def new generation   total 4928K, used 4713K [0x0f010000, 0x0f560000, 0x14560000)
  eden space 4416K, 100% used [0x0f010000, 0x0f460000, 0x0f460000)
  from space 512K,  58% used [0x0f4e0000, 0x0f52a750, 0x0f560000)
  to   space 512K,   0% used [0x0f460000, 0x0f460000, 0x0f4e0000)
 tenured generation   total 10944K, used 4540K [0x14560000, 0x15010000, 0x1f010000)
   the space 10944K,  41% used [0x14560000, 0x149cf340, 0x149cf400, 0x15010000)
 compacting perm gen  total 12288K, used 6340K [0x1f010000, 0x1fc10000, 0x23010000)
   the space 12288K,  51% used [0x1f010000, 0x1f641318, 0x1f641400, 0x1fc10000)
No shared spaces configured.
Event: 18.850 GC heap after
Heap after GC invocations=4 (full 0):
 def new generation   total 4928K, used 122K [0x0f010000, 0x0f560000, 0x14560000)
  eden space 4416K,   0% used [0x0f010000, 0x0f010000, 0x0f460000)
  from space 512K,  23% used [0x0f460000, 0x0f47e960, 0x0f4e0000)
  to   space 512K,   0% used [0x0f4e0000, 0x0f4e0000, 0x0f560000)
 tenured generation   total 10944K, used 4819K [0x14560000, 0x15010000, 0x1f010000)
   the space 10944K,  44% used [0x14560000, 0x14a14ef0, 0x14a15000, 0x15010000)
 compacting perm gen  total 12288K, used 6340K [0x1f010000, 0x1fc10000, 0x23010000)
   the space 12288K,  51% used [0x1f010000, 0x1f641318, 0x1f641400, 0x1fc10000)
No shared spaces configured.
}
Event: 20.237 GC heap before
{Heap before GC invocations=4 (full 0):
 def new generation   total 4928K, used 4535K [0x0f010000, 0x0f560000, 0x14560000)
  eden space 4416K,  99% used [0x0f010000, 0x0f45f400, 0x0f460000)
  from space 512K,  23% used [0x0f460000, 0x0f47e960, 0x0f4e0000)
  to   space 512K,   0% used [0x0f4e0000, 0x0f4e0000, 0x0f560000)
 tenured generation   total 10944K, used 4819K [0x14560000, 0x15010000, 0x1f010000)
   the space 10944K,  44% used [0x14560000, 0x14a14ef0, 0x14a15000, 0x15010000)
 compacting perm gen  total 12288K, used 6340K [0x1f010000, 0x1fc10000, 0x23010000)
   the space 12288K,  51% used [0x1f010000, 0x1f6413f8, 0x1f641400, 0x1fc10000)
No shared spaces configured.
Event: 20.240 GC heap after
Heap after GC invocations=5 (full 0):
 def new generation   total 4928K, used 134K [0x0f010000, 0x0f560000, 0x14560000)
  eden space 4416K,   0% used [0x0f010000, 0x0f010000, 0x0f460000)
  from space 512K,  26% used [0x0f4e0000, 0x0f5018e8, 0x0f560000)
  to   space 512K,   0% used [0x0f460000, 0x0f460000, 0x0f4e0000)
 tenured generation   total 10944K, used 4819K [0x14560000, 0x15010000, 0x1f010000)
   the space 10944K,  44% used [0x14560000, 0x14a14ef0, 0x14a15000, 0x15010000)
 compacting perm gen  total 12288K, used 6340K [0x1f010000, 0x1fc10000, 0x23010000)
   the space 12288K,  51% used [0x1f010000, 0x1f6413f8, 0x1f641400, 0x1fc10000)
No shared spaces configured.
}
Event: 22.186 GC heap before
{Heap before GC invocations=5 (full 0):
 def new generation   total 4928K, used 4573K [0x0f010000, 0x0f560000, 0x14560000)
  eden space 4416K, 100% used [0x0f010000, 0x0f460000, 0x0f460000)
  from space 512K,  30% used [0x0f4e0000, 0x0f5077e8, 0x0f560000)
  to   space 512K,   0% used [0x0f460000, 0x0f460000, 0x0f4e0000)
 tenured generation   total 10944K, used 4819K [0x14560000, 0x15010000, 0x1f010000)
   the space 10944K,  44% used [0x14560000, 0x14a14ef0, 0x14a15000, 0x15010000)
 compacting perm gen  total 12288K, used 6341K [0x1f010000, 0x1fc10000, 0x23010000)
   the space 12288K,  51% used [0x1f010000, 0x1f6414d8, 0x1f641600, 0x1fc10000)
No shared spaces configured.
Event: 22.191 GC heap after
Heap after GC invocations=6 (full 0):
 def new generation   total 4928K, used 134K [0x0f010000, 0x0f560000, 0x14560000)
  eden space 4416K,   0% used [0x0f010000, 0x0f010000, 0x0f460000)
  from space 512K,  26% used [0x0f460000, 0x0f481bc0, 0x0f4e0000)
  to   space 512K,   0% used [0x0f4e0000, 0x0f4e0000, 0x0f560000)
 tenured generation   total 10944K, used 4819K [0x14560000, 0x15010000, 0x1f010000)
   the space 10944K,  44% used [0x14560000, 0x14a14ef0, 0x14a15000, 0x15010000)
 compacting perm gen  total 12288K, used 6341K [0x1f010000, 0x1fc10000, 0x23010000)
   the space 12288K,  51% used [0x1f010000, 0x1f6414d8, 0x1f641600, 0x1fc10000)
No shared spaces configured.
}
Event: 24.282 GC heap before
{Heap before GC invocations=6 (full 0):
 def new generation   total 4928K, used 4551K [0x0f010000, 0x0f560000, 0x14560000)
  eden space 4416K, 100% used [0x0f010000, 0x0f460000, 0x0f460000)
  from space 512K,  26% used [0x0f460000, 0x0f481c10, 0x0f4e0000)
  to   space 512K,   0% used [0x0f4e0000, 0x0f4e0000, 0x0f560000)
 tenured generation   total 10944K, used 4819K [0x14560000, 0x15010000, 0x1f010000)
   the space 10944K,  44% used [0x14560000, 0x14a14ef0, 0x14a15000, 0x15010000)
 compacting perm gen  total 12288K, used 6344K [0x1f010000, 0x1fc10000, 0x23010000)
   the space 12288K,  51% used [0x1f010000, 0x1f642378, 0x1f642400, 0x1fc10000)
No shared spaces configured.
Event: 24.286 GC heap after
Heap after GC invocations=7 (full 0):
 def new generation   total 4928K, used 145K [0x0f010000, 0x0f560000, 0x14560000)
  eden space 4416K,   0% used [0x0f010000, 0x0f010000, 0x0f460000)
  from space 512K,  28% used [0x0f4e0000, 0x0f504658, 0x0f560000)
  to   space 512K,   0% used [0x0f460000, 0x0f460000, 0x0f4e0000)
 tenured generation   total 10944K, used 4819K [0x14560000, 0x15010000, 0x1f010000)
   the space 10944K,  44% used [0x14560000, 0x14a14ef0, 0x14a15000, 0x15010000)
 compacting perm gen  total 12288K, used 6344K [0x1f010000, 0x1fc10000, 0x23010000)
   the space 12288K,  51% used [0x1f010000, 0x1f642378, 0x1f642400, 0x1fc10000)
No shared spaces configured.
}

