# JRE version: 7.0_07-b11
# Java VM: Java HotSpot(TM) Client VM (23.3-b01 mixed mode windows-x86 )
Heap
 def new generation   total 4928K, used 3285K [0x0f010000, 0x0f560000, 0x14560000)
  eden space 4416K,  72% used [0x0f010000, 0x0f32f780, 0x0f460000)
  from space 512K,  17% used [0x0f460000, 0x0f475d68, 0x0f4e0000)
  to   space 512K,   0% used [0x0f4e0000, 0x0f4e0000, 0x0f560000)
 tenured generation   total 10944K, used 4889K [0x14560000, 0x15010000, 0x1f010000)
   the space 10944K,  44% used [0x14560000, 0x14a26460, 0x14a26600, 0x15010000)
 compacting perm gen  total 12288K, used 6572K [0x1f010000, 0x1fc10000, 0x23010000)
   the space 12288K,  53% used [0x1f010000, 0x1f67b160, 0x1f67b200, 0x1fc10000)
GC Heap History (10 events):
Event: 19.351 GC heap before
{Heap before GC invocations=3 (full 0):
 def new generation   total 4928K, used 4720K [0x0f010000, 0x0f560000, 0x14560000)
  eden space 4416K,  99% used [0x0f010000, 0x0f45f338, 0x0f460000)
  from space 512K,  60% used [0x0f4e0000, 0x0f52cea8, 0x0f560000)
  to   space 512K,   0% used [0x0f460000, 0x0f460000, 0x0f4e0000)
 tenured generation   total 10944K, used 4591K [0x14560000, 0x15010000, 0x1f010000)
   the space 10944K,  41% used [0x14560000, 0x149dbf80, 0x149dc000, 0x15010000)
 compacting perm gen  total 12288K, used 6340K [0x1f010000, 0x1fc10000, 0x23010000)
   the space 12288K,  51% used [0x1f010000, 0x1f6412f8, 0x1f641400, 0x1fc10000)
No shared spaces configured.
Event: 19.359 GC heap after
Heap after GC invocations=4 (full 0):
 def new generation   total 4928K, used 50K [0x0f010000, 0x0f560000, 0x14560000)
  eden space 4416K,   0% used [0x0f010000, 0x0f010000, 0x0f460000)
  from space 512K,   9% used [0x0f460000, 0x0f46c8a8, 0x0f4e0000)
  to   space 512K,   0% used [0x0f4e0000, 0x0f4e0000, 0x0f560000)
 tenured generation   total 10944K, used 4889K [0x14560000, 0x15010000, 0x1f010000)
   the space 10944K,  44% used [0x14560000, 0x14a26460, 0x14a26600, 0x15010000)
 compacting perm gen  total 12288K, used 6340K [0x1f010000, 0x1fc10000, 0x23010000)
   the space 12288K,  51% used [0x1f010000, 0x1f6412f8, 0x1f641400, 0x1fc10000)
No shared spaces configured.
}
Event: 20.581 GC heap before
{Heap before GC invocations=4 (full 0):
 def new generation   total 4928K, used 4466K [0x0f010000, 0x0f560000, 0x14560000)
  eden space 4416K, 100% used [0x0f010000, 0x0f460000, 0x0f460000)
  from space 512K,   9% used [0x0f460000, 0x0f46c8a8, 0x0f4e0000)
  to   space 512K,   0% used [0x0f4e0000, 0x0f4e0000, 0x0f560000)
 tenured generation   total 10944K, used 4889K [0x14560000, 0x15010000, 0x1f010000)
   the space 10944K,  44% used [0x14560000, 0x14a26460, 0x14a26600, 0x15010000)
 compacting perm gen  total 12288K, used 6340K [0x1f010000, 0x1fc10000, 0x23010000)
   the space 12288K,  51% used [0x1f010000, 0x1f6413a8, 0x1f641400, 0x1fc10000)
No shared spaces configured.
Event: 20.583 GC heap after
Heap after GC invocations=5 (full 0):
 def new generation   total 4928K, used 60K [0x0f010000, 0x0f560000, 0x14560000)
  eden space 4416K,   0% used [0x0f010000, 0x0f010000, 0x0f460000)
  from space 512K,  11% used [0x0f4e0000, 0x0f4ef398, 0x0f560000)
  to   space 512K,   0% used [0x0f460000, 0x0f460000, 0x0f4e0000)
 tenured generation   total 10944K, used 4889K [0x14560000, 0x15010000, 0x1f010000)
   the space 10944K,  44% used [0x14560000, 0x14a26460, 0x14a26600, 0x15010000)
 compacting perm gen  total 12288K, used 6340K [0x1f010000, 0x1fc10000, 0x23010000)
   the space 12288K,  51% used [0x1f010000, 0x1f6413a8, 0x1f641400, 0x1fc10000)
No shared spaces configured.
}
Event: 21.954 GC heap before
{Heap before GC invocations=5 (full 0):
 def new generation   total 4928K, used 4476K [0x0f010000, 0x0f560000, 0x14560000)
  eden space 4416K, 100% used [0x0f010000, 0x0f460000, 0x0f460000)
  from space 512K,  11% used [0x0f4e0000, 0x0f4ef398, 0x0f560000)
  to   space 512K,   0% used [0x0f460000, 0x0f460000, 0x0f4e0000)
 tenured generation   total 10944K, used 4889K [0x14560000, 0x15010000, 0x1f010000)
   the space 10944K,  44% used [0x14560000, 0x14a26460, 0x14a26600, 0x15010000)
 compacting perm gen  total 12288K, used 6341K [0x1f010000, 0x1fc10000, 0x23010000)
   the space 12288K,  51% used [0x1f010000, 0x1f641488, 0x1f641600, 0x1fc10000)
No shared spaces configured.
Event: 21.960 GC heap after
Heap after GC invocations=6 (full 0):
 def new generation   total 4928K, used 68K [0x0f010000, 0x0f560000, 0x14560000)
  eden space 4416K,   0% used [0x0f010000, 0x0f010000, 0x0f460000)
  from space 512K,  13% used [0x0f460000, 0x0f471130, 0x0f4e0000)
  to   space 512K,   0% used [0x0f4e0000, 0x0f4e0000, 0x0f560000)
 tenured generation   total 10944K, used 4889K [0x14560000, 0x15010000, 0x1f010000)
   the space 10944K,  44% used [0x14560000, 0x14a26460, 0x14a26600, 0x15010000)
 compacting perm gen  total 12288K, used 6341K [0x1f010000, 0x1fc10000, 0x23010000)
   the space 12288K,  51% used [0x1f010000, 0x1f641488, 0x1f641600, 0x1fc10000)
No shared spaces configured.
}
Event: 23.569 GC heap before
{Heap before GC invocations=6 (full 0):
 def new generation   total 4928K, used 4502K [0x0f010000, 0x0f560000, 0x14560000)
  eden space 4416K, 100% used [0x0f010000, 0x0f460000, 0x0f460000)
  from space 512K,  16% used [0x0f460000, 0x0f475ba0, 0x0f4e0000)
  to   space 512K,   0% used [0x0f4e0000, 0x0f4e0000, 0x0f560000)
 tenured generation   total 10944K, used 4889K [0x14560000, 0x15010000, 0x1f010000)
   the space 10944K,  44% used [0x14560000, 0x14a26460, 0x14a26600, 0x15010000)
 compacting perm gen  total 12288K, used 6341K [0x1f010000, 0x1fc10000, 0x23010000)
   the space 12288K,  51% used [0x1f010000, 0x1f6414a8, 0x1f641600, 0x1fc10000)
No shared spaces configured.
Event: 23.571 GC heap after
Heap after GC invocations=7 (full 0):
 def new generation   total 4928K, used 63K [0x0f010000, 0x0f560000, 0x14560000)
  eden space 4416K,   0% used [0x0f010000, 0x0f010000, 0x0f460000)
  from space 512K,  12% used [0x0f4e0000, 0x0f4efec8, 0x0f560000)
  to   space 512K,   0% used [0x0f460000, 0x0f460000, 0x0f4e0000)
 tenured generation   total 10944K, used 4889K [0x14560000, 0x15010000, 0x1f010000)
   the space 10944K,  44% used [0x14560000, 0x14a26460, 0x14a26600, 0x15010000)
 compacting perm gen  total 12288K, used 6341K [0x1f010000, 0x1fc10000, 0x23010000)
   the space 12288K,  51% used [0x1f010000, 0x1f6414a8, 0x1f641600, 0x1fc10000)
No shared spaces configured.
}
Event: 24.861 GC heap before
{Heap before GC invocations=7 (full 0):
 def new generation   total 4928K, used 4481K [0x0f010000, 0x0f560000, 0x14560000)
  eden space 4416K, 100% used [0x0f010000, 0x0f460000, 0x0f460000)
  from space 512K,  12% used [0x0f4e0000, 0x0f4f0468, 0x0f560000)
  to   space 512K,   0% used [0x0f460000, 0x0f460000, 0x0f4e0000)
 tenured generation   total 10944K, used 4889K [0x14560000, 0x15010000, 0x1f010000)
   the space 10944K,  44% used [0x14560000, 0x14a26460, 0x14a26600, 0x15010000)
 compacting perm gen  total 12288K, used 6344K [0x1f010000, 0x1fc10000, 0x23010000)
   the space 12288K,  51% used [0x1f010000, 0x1f6423a8, 0x1f642400, 0x1fc10000)
No shared spaces configured.
Event: 24.865 GC heap after
Heap after GC invocations=8 (full 0):
 def new generation   total 4928K, used 87K [0x0f010000, 0x0f560000, 0x14560000)
  eden space 4416K,   0% used [0x0f010000, 0x0f010000, 0x0f460000)
  from space 512K,  17% used [0x0f460000, 0x0f475d68, 0x0f4e0000)
  to   space 512K,   0% used [0x0f4e0000, 0x0f4e0000, 0x0f560000)
 tenured generation   total 10944K, used 4889K [0x14560000, 0x15010000, 0x1f010000)
   the space 10944K,  44% used [0x14560000, 0x14a26460, 0x14a26600, 0x15010000)
 compacting perm gen  total 12288K, used 6344K [0x1f010000, 0x1fc10000, 0x23010000)
   the space 12288K,  51% used [0x1f010000, 0x1f6423a8, 0x1f642400, 0x1fc10000)
No shared spaces configured.
}

