# JRE version: 7.0_07-b11
# Java VM: Java HotSpot(TM) Client VM (23.3-b01 mixed mode windows-x86 )
Heap
 def new generation   total 4928K, used 1738K [0x0f010000, 0x0f560000, 0x14560000)
  eden space 4416K,  36% used [0x0f010000, 0x0f1a7e48, 0x0f460000)
  from space 512K,  20% used [0x0f4e0000, 0x0f4faac8, 0x0f560000)
  to   space 512K,   0% used [0x0f460000, 0x0f460000, 0x0f4e0000)
 tenured generation   total 10944K, used 4893K [0x14560000, 0x15010000, 0x1f010000)
   the space 10944K,  44% used [0x14560000, 0x14a276e0, 0x14a27800, 0x15010000)
 compacting perm gen  total 12288K, used 6573K [0x1f010000, 0x1fc10000, 0x23010000)
   the space 12288K,  53% used [0x1f010000, 0x1f67b7a0, 0x1f67b800, 0x1fc10000)
GC Heap History (10 events):
Event: 18.550 GC heap before
{Heap before GC invocations=3 (full 0):
 def new generation   total 4928K, used 4762K [0x0f010000, 0x0f560000, 0x14560000)
  eden space 4416K,  99% used [0x0f010000, 0x0f45fd80, 0x0f460000)
  from space 512K,  67% used [0x0f4e0000, 0x0f536ca8, 0x0f560000)
  to   space 512K,   0% used [0x0f460000, 0x0f460000, 0x0f4e0000)
 tenured generation   total 10944K, used 4560K [0x14560000, 0x15010000, 0x1f010000)
   the space 10944K,  41% used [0x14560000, 0x149d43a8, 0x149d4400, 0x15010000)
 compacting perm gen  total 12288K, used 6341K [0x1f010000, 0x1fc10000, 0x23010000)
   the space 12288K,  51% used [0x1f010000, 0x1f641520, 0x1f641600, 0x1fc10000)
No shared spaces configured.
Event: 18.557 GC heap after
Heap after GC invocations=4 (full 0):
 def new generation   total 4928K, used 53K [0x0f010000, 0x0f560000, 0x14560000)
  eden space 4416K,   0% used [0x0f010000, 0x0f010000, 0x0f460000)
  from space 512K,  10% used [0x0f460000, 0x0f46d4b8, 0x0f4e0000)
  to   space 512K,   0% used [0x0f4e0000, 0x0f4e0000, 0x0f560000)
 tenured generation   total 10944K, used 4893K [0x14560000, 0x15010000, 0x1f010000)
   the space 10944K,  44% used [0x14560000, 0x14a276e0, 0x14a27800, 0x15010000)
 compacting perm gen  total 12288K, used 6341K [0x1f010000, 0x1fc10000, 0x23010000)
   the space 12288K,  51% used [0x1f010000, 0x1f641520, 0x1f641600, 0x1fc10000)
No shared spaces configured.
}
Event: 19.731 GC heap before
{Heap before GC invocations=4 (full 0):
 def new generation   total 4928K, used 4469K [0x0f010000, 0x0f560000, 0x14560000)
  eden space 4416K, 100% used [0x0f010000, 0x0f460000, 0x0f460000)
  from space 512K,  10% used [0x0f460000, 0x0f46d4b8, 0x0f4e0000)
  to   space 512K,   0% used [0x0f4e0000, 0x0f4e0000, 0x0f560000)
 tenured generation   total 10944K, used 4893K [0x14560000, 0x15010000, 0x1f010000)
   the space 10944K,  44% used [0x14560000, 0x14a276e0, 0x14a27800, 0x15010000)
 compacting perm gen  total 12288K, used 6341K [0x1f010000, 0x1fc10000, 0x23010000)
   the space 12288K,  51% used [0x1f010000, 0x1f641600, 0x1f641600, 0x1fc10000)
No shared spaces configured.
Event: 19.733 GC heap after
Heap after GC invocations=5 (full 0):
 def new generation   total 4928K, used 63K [0x0f010000, 0x0f560000, 0x14560000)
  eden space 4416K,   0% used [0x0f010000, 0x0f010000, 0x0f460000)
  from space 512K,  12% used [0x0f4e0000, 0x0f4efd40, 0x0f560000)
  to   space 512K,   0% used [0x0f460000, 0x0f460000, 0x0f4e0000)
 tenured generation   total 10944K, used 4893K [0x14560000, 0x15010000, 0x1f010000)
   the space 10944K,  44% used [0x14560000, 0x14a276e0, 0x14a27800, 0x15010000)
 compacting perm gen  total 12288K, used 6341K [0x1f010000, 0x1fc10000, 0x23010000)
   the space 12288K,  51% used [0x1f010000, 0x1f641600, 0x1f641600, 0x1fc10000)
No shared spaces configured.
}
Event: 20.861 GC heap before
{Heap before GC invocations=5 (full 0):
 def new generation   total 4928K, used 4479K [0x0f010000, 0x0f560000, 0x14560000)
  eden space 4416K, 100% used [0x0f010000, 0x0f460000, 0x0f460000)
  from space 512K,  12% used [0x0f4e0000, 0x0f4efd40, 0x0f560000)
  to   space 512K,   0% used [0x0f460000, 0x0f460000, 0x0f4e0000)
 tenured generation   total 10944K, used 4893K [0x14560000, 0x15010000, 0x1f010000)
   the space 10944K,  44% used [0x14560000, 0x14a276e0, 0x14a27800, 0x15010000)
 compacting perm gen  total 12288K, used 6341K [0x1f010000, 0x1fc10000, 0x23010000)
   the space 12288K,  51% used [0x1f010000, 0x1f641700, 0x1f641800, 0x1fc10000)
No shared spaces configured.
Event: 20.864 GC heap after
Heap after GC invocations=6 (full 0):
 def new generation   total 4928K, used 67K [0x0f010000, 0x0f560000, 0x14560000)
  eden space 4416K,   0% used [0x0f010000, 0x0f010000, 0x0f460000)
  from space 512K,  13% used [0x0f460000, 0x0f470d90, 0x0f4e0000)
  to   space 512K,   0% used [0x0f4e0000, 0x0f4e0000, 0x0f560000)
 tenured generation   total 10944K, used 4893K [0x14560000, 0x15010000, 0x1f010000)
   the space 10944K,  44% used [0x14560000, 0x14a276e0, 0x14a27800, 0x15010000)
 compacting perm gen  total 12288K, used 6341K [0x1f010000, 0x1fc10000, 0x23010000)
   the space 12288K,  51% used [0x1f010000, 0x1f641700, 0x1f641800, 0x1fc10000)
No shared spaces configured.
}
Event: 22.232 GC heap before
{Heap before GC invocations=6 (full 0):
 def new generation   total 4928K, used 4483K [0x0f010000, 0x0f560000, 0x14560000)
  eden space 4416K, 100% used [0x0f010000, 0x0f460000, 0x0f460000)
  from space 512K,  13% used [0x0f460000, 0x0f470d90, 0x0f4e0000)
  to   space 512K,   0% used [0x0f4e0000, 0x0f4e0000, 0x0f560000)
 tenured generation   total 10944K, used 4893K [0x14560000, 0x15010000, 0x1f010000)
   the space 10944K,  44% used [0x14560000, 0x14a276e0, 0x14a27800, 0x15010000)
 compacting perm gen  total 12288K, used 6341K [0x1f010000, 0x1fc10000, 0x23010000)
   the space 12288K,  51% used [0x1f010000, 0x1f641710, 0x1f641800, 0x1fc10000)
No shared spaces configured.
Event: 22.236 GC heap after
Heap after GC invocations=7 (full 0):
 def new generation   total 4928K, used 69K [0x0f010000, 0x0f560000, 0x14560000)
  eden space 4416K,   0% used [0x0f010000, 0x0f010000, 0x0f460000)
  from space 512K,  13% used [0x0f4e0000, 0x0f4f1428, 0x0f560000)
  to   space 512K,   0% used [0x0f460000, 0x0f460000, 0x0f4e0000)
 tenured generation   total 10944K, used 4893K [0x14560000, 0x15010000, 0x1f010000)
   the space 10944K,  44% used [0x14560000, 0x14a276e0, 0x14a27800, 0x15010000)
 compacting perm gen  total 12288K, used 6341K [0x1f010000, 0x1fc10000, 0x23010000)
   the space 12288K,  51% used [0x1f010000, 0x1f641710, 0x1f641800, 0x1fc10000)
No shared spaces configured.
}
Event: 23.403 GC heap before
{Heap before GC invocations=7 (full 0):
 def new generation   total 4928K, used 4492K [0x0f010000, 0x0f560000, 0x14560000)
  eden space 4416K, 100% used [0x0f010000, 0x0f460000, 0x0f460000)
  from space 512K,  14% used [0x0f4e0000, 0x0f4f3028, 0x0f560000)
  to   space 512K,   0% used [0x0f460000, 0x0f460000, 0x0f4e0000)
 tenured generation   total 10944K, used 4893K [0x14560000, 0x15010000, 0x1f010000)
   the space 10944K,  44% used [0x14560000, 0x14a276e0, 0x14a27800, 0x15010000)
 compacting perm gen  total 12288K, used 6345K [0x1f010000, 0x1fc10000, 0x23010000)
   the space 12288K,  51% used [0x1f010000, 0x1f642610, 0x1f642800, 0x1fc10000)
No shared spaces configured.
Event: 23.407 GC heap after
Heap after GC invocations=8 (full 0):
 def new generation   total 4928K, used 78K [0x0f010000, 0x0f560000, 0x14560000)
  eden space 4416K,   0% used [0x0f010000, 0x0f010000, 0x0f460000)
  from space 512K,  15% used [0x0f460000, 0x0f473bf8, 0x0f4e0000)
  to   space 512K,   0% used [0x0f4e0000, 0x0f4e0000, 0x0f560000)
 tenured generation   total 10944K, used 4893K [0x14560000, 0x15010000, 0x1f010000)
   the space 10944K,  44% used [0x14560000, 0x14a276e0, 0x14a27800, 0x15010000)
 compacting perm gen  total 12288K, used 6345K [0x1f010000, 0x1fc10000, 0x23010000)
   the space 12288K,  51% used [0x1f010000, 0x1f642610, 0x1f642800, 0x1fc10000)
No shared spaces configured.
}

