# JRE version: 7.0_07-b11
# Java VM: Java HotSpot(TM) Client VM (23.3-b01 mixed mode windows-x86 )
Heap
 def new generation   total 4928K, used 2617K [0x0f010000, 0x0f560000, 0x14560000)
  eden space 4416K,  57% used [0x0f010000, 0x0f28e378, 0x0f460000)
  from space 512K,  12% used [0x0f4e0000, 0x0f4f0430, 0x0f560000)
  to   space 512K,   0% used [0x0f460000, 0x0f460000, 0x0f4e0000)
 tenured generation   total 10944K, used 4902K [0x14560000, 0x15010000, 0x1f010000)
   the space 10944K,  44% used [0x14560000, 0x14a29af8, 0x14a29c00, 0x15010000)
 compacting perm gen  total 12288K, used 6574K [0x1f010000, 0x1fc10000, 0x23010000)
   the space 12288K,  53% used [0x1f010000, 0x1f67ba58, 0x1f67bc00, 0x1fc10000)
GC Heap History (10 events):
Event: 17.001 GC heap before
{Heap before GC invocations=2 (full 0):
 def new generation   total 4928K, used 4928K [0x0f010000, 0x0f560000, 0x14560000)
  eden space 4416K, 100% used [0x0f010000, 0x0f460000, 0x0f460000)
  from space 512K, 100% used [0x0f460000, 0x0f4e0000, 0x0f4e0000)
  to   space 512K,   0% used [0x0f4e0000, 0x0f4e0000, 0x0f560000)
 tenured generation   total 10944K, used 1615K [0x14560000, 0x15010000, 0x1f010000)
   the space 10944K,  14% used [0x14560000, 0x146f3fd8, 0x146f4000, 0x15010000)
 compacting perm gen  total 12288K, used 6216K [0x1f010000, 0x1fc10000, 0x23010000)
   the space 12288K,  50% used [0x1f010000, 0x1f6221b8, 0x1f622200, 0x1fc10000)
No shared spaces configured.
Event: 17.016 GC heap after
Heap after GC invocations=3 (full 0):
 def new generation   total 4928K, used 377K [0x0f010000, 0x0f560000, 0x14560000)
  eden space 4416K,   0% used [0x0f010000, 0x0f010000, 0x0f460000)
  from space 512K,  73% used [0x0f4e0000, 0x0f53e450, 0x0f560000)
  to   space 512K,   0% used [0x0f460000, 0x0f460000, 0x0f4e0000)
 tenured generation   total 10944K, used 4538K [0x14560000, 0x15010000, 0x1f010000)
   the space 10944K,  41% used [0x14560000, 0x149ceba0, 0x149cec00, 0x15010000)
 compacting perm gen  total 12288K, used 6216K [0x1f010000, 0x1fc10000, 0x23010000)
   the space 12288K,  50% used [0x1f010000, 0x1f6221b8, 0x1f622200, 0x1fc10000)
No shared spaces configured.
}
Event: 18.794 GC heap before
{Heap before GC invocations=3 (full 0):
 def new generation   total 4928K, used 4793K [0x0f010000, 0x0f560000, 0x14560000)
  eden space 4416K, 100% used [0x0f010000, 0x0f460000, 0x0f460000)
  from space 512K,  73% used [0x0f4e0000, 0x0f53e450, 0x0f560000)
  to   space 512K,   0% used [0x0f460000, 0x0f460000, 0x0f4e0000)
 tenured generation   total 10944K, used 4538K [0x14560000, 0x15010000, 0x1f010000)
   the space 10944K,  41% used [0x14560000, 0x149ceba0, 0x149cec00, 0x15010000)
 compacting perm gen  total 12288K, used 6343K [0x1f010000, 0x1fc10000, 0x23010000)
   the space 12288K,  51% used [0x1f010000, 0x1f641c60, 0x1f641e00, 0x1fc10000)
No shared spaces configured.
Event: 18.799 GC heap after
Heap after GC invocations=4 (full 0):
 def new generation   total 4928K, used 47K [0x0f010000, 0x0f560000, 0x14560000)
  eden space 4416K,   0% used [0x0f010000, 0x0f010000, 0x0f460000)
  from space 512K,   9% used [0x0f460000, 0x0f46bcc8, 0x0f4e0000)
  to   space 512K,   0% used [0x0f4e0000, 0x0f4e0000, 0x0f560000)
 tenured generation   total 10944K, used 4902K [0x14560000, 0x15010000, 0x1f010000)
   the space 10944K,  44% used [0x14560000, 0x14a29af8, 0x14a29c00, 0x15010000)
 compacting perm gen  total 12288K, used 6343K [0x1f010000, 0x1fc10000, 0x23010000)
   the space 12288K,  51% used [0x1f010000, 0x1f641c60, 0x1f641e00, 0x1fc10000)
No shared spaces configured.
}
Event: 20.239 GC heap before
{Heap before GC invocations=4 (full 0):
 def new generation   total 4928K, used 4463K [0x0f010000, 0x0f560000, 0x14560000)
  eden space 4416K, 100% used [0x0f010000, 0x0f460000, 0x0f460000)
  from space 512K,   9% used [0x0f460000, 0x0f46bcc8, 0x0f4e0000)
  to   space 512K,   0% used [0x0f4e0000, 0x0f4e0000, 0x0f560000)
 tenured generation   total 10944K, used 4902K [0x14560000, 0x15010000, 0x1f010000)
   the space 10944K,  44% used [0x14560000, 0x14a29af8, 0x14a29c00, 0x15010000)
 compacting perm gen  total 12288K, used 6343K [0x1f010000, 0x1fc10000, 0x23010000)
   the space 12288K,  51% used [0x1f010000, 0x1f641d10, 0x1f641e00, 0x1fc10000)
No shared spaces configured.
Event: 20.242 GC heap after
Heap after GC invocations=5 (full 0):
 def new generation   total 4928K, used 51K [0x0f010000, 0x0f560000, 0x14560000)
  eden space 4416K,   0% used [0x0f010000, 0x0f010000, 0x0f460000)
  from space 512K,  10% used [0x0f4e0000, 0x0f4ecf40, 0x0f560000)
  to   space 512K,   0% used [0x0f460000, 0x0f460000, 0x0f4e0000)
 tenured generation   total 10944K, used 4902K [0x14560000, 0x15010000, 0x1f010000)
   the space 10944K,  44% used [0x14560000, 0x14a29af8, 0x14a29c00, 0x15010000)
 compacting perm gen  total 12288K, used 6343K [0x1f010000, 0x1fc10000, 0x23010000)
   the space 12288K,  51% used [0x1f010000, 0x1f641d10, 0x1f641e00, 0x1fc10000)
No shared spaces configured.
}
Event: 22.149 GC heap before
{Heap before GC invocations=5 (full 0):
 def new generation   total 4928K, used 4467K [0x0f010000, 0x0f560000, 0x14560000)
  eden space 4416K, 100% used [0x0f010000, 0x0f460000, 0x0f460000)
  from space 512K,  10% used [0x0f4e0000, 0x0f4ecf40, 0x0f560000)
  to   space 512K,   0% used [0x0f460000, 0x0f460000, 0x0f4e0000)
 tenured generation   total 10944K, used 4902K [0x14560000, 0x15010000, 0x1f010000)
   the space 10944K,  44% used [0x14560000, 0x14a29af8, 0x14a29c00, 0x15010000)
 compacting perm gen  total 12288K, used 6343K [0x1f010000, 0x1fc10000, 0x23010000)
   the space 12288K,  51% used [0x1f010000, 0x1f641dd0, 0x1f641e00, 0x1fc10000)
No shared spaces configured.
Event: 22.151 GC heap after
Heap after GC invocations=6 (full 0):
 def new generation   total 4928K, used 56K [0x0f010000, 0x0f560000, 0x14560000)
  eden space 4416K,   0% used [0x0f010000, 0x0f010000, 0x0f460000)
  from space 512K,  10% used [0x0f460000, 0x0f46e000, 0x0f4e0000)
  to   space 512K,   0% used [0x0f4e0000, 0x0f4e0000, 0x0f560000)
 tenured generation   total 10944K, used 4902K [0x14560000, 0x15010000, 0x1f010000)
   the space 10944K,  44% used [0x14560000, 0x14a29af8, 0x14a29c00, 0x15010000)
 compacting perm gen  total 12288K, used 6343K [0x1f010000, 0x1fc10000, 0x23010000)
   the space 12288K,  51% used [0x1f010000, 0x1f641dd0, 0x1f641e00, 0x1fc10000)
No shared spaces configured.
}
Event: 24.080 GC heap before
{Heap before GC invocations=6 (full 0):
 def new generation   total 4928K, used 4478K [0x0f010000, 0x0f560000, 0x14560000)
  eden space 4416K, 100% used [0x0f010000, 0x0f460000, 0x0f460000)
  from space 512K,  12% used [0x0f460000, 0x0f46fb50, 0x0f4e0000)
  to   space 512K,   0% used [0x0f4e0000, 0x0f4e0000, 0x0f560000)
 tenured generation   total 10944K, used 4902K [0x14560000, 0x15010000, 0x1f010000)
   the space 10944K,  44% used [0x14560000, 0x14a29af8, 0x14a29c00, 0x15010000)
 compacting perm gen  total 12288K, used 6347K [0x1f010000, 0x1fc10000, 0x23010000)
   the space 12288K,  51% used [0x1f010000, 0x1f642c70, 0x1f642e00, 0x1fc10000)
No shared spaces configured.
Event: 24.082 GC heap after
Heap after GC invocations=7 (full 0):
 def new generation   total 4928K, used 65K [0x0f010000, 0x0f560000, 0x14560000)
  eden space 4416K,   0% used [0x0f010000, 0x0f010000, 0x0f460000)
  from space 512K,  12% used [0x0f4e0000, 0x0f4f0430, 0x0f560000)
  to   space 512K,   0% used [0x0f460000, 0x0f460000, 0x0f4e0000)
 tenured generation   total 10944K, used 4902K [0x14560000, 0x15010000, 0x1f010000)
   the space 10944K,  44% used [0x14560000, 0x14a29af8, 0x14a29c00, 0x15010000)
 compacting perm gen  total 12288K, used 6347K [0x1f010000, 0x1fc10000, 0x23010000)
   the space 12288K,  51% used [0x1f010000, 0x1f642c70, 0x1f642e00, 0x1fc10000)
No shared spaces configured.
}

