# JRE version: 7.0_07-b11
# Java VM: Java HotSpot(TM) Client VM (23.3-b01 mixed mode windows-x86 )
Heap
 def new generation   total 4928K, used 1948K [0x0f010000, 0x0f560000, 0x14560000)
  eden space 4416K,  40% used [0x0f010000, 0x0f1d2070, 0x0f460000)
  from space 512K,  28% used [0x0f4e0000, 0x0f504fe8, 0x0f560000)
  to   space 512K,   0% used [0x0f460000, 0x0f460000, 0x0f4e0000)
 tenured generation   total 10944K, used 4843K [0x14560000, 0x15010000, 0x1f010000)
   the space 10944K,  44% used [0x14560000, 0x14a1af20, 0x14a1b000, 0x15010000)
 compacting perm gen  total 12288K, used 6574K [0x1f010000, 0x1fc10000, 0x23010000)
   the space 12288K,  53% used [0x1f010000, 0x1f67b8e0, 0x1f67ba00, 0x1fc10000)
GC Heap History (10 events):
Event: 13.144 GC heap before
{Heap before GC invocations=1 (full 0):
 def new generation   total 4928K, used 4928K [0x0f010000, 0x0f560000, 0x14560000)
  eden space 4416K, 100% used [0x0f010000, 0x0f460000, 0x0f460000)
  from space 512K, 100% used [0x0f4e0000, 0x0f560000, 0x0f560000)
  to   space 512K,   0% used [0x0f460000, 0x0f460000, 0x0f4e0000)
 tenured generation   total 10944K, used 645K [0x14560000, 0x15010000, 0x1f010000)
   the space 10944K,   5% used [0x14560000, 0x14601480, 0x14601600, 0x15010000)
 compacting perm gen  total 12288K, used 4979K [0x1f010000, 0x1fc10000, 0x23010000)
   the space 12288K,  40% used [0x1f010000, 0x1f4ecc50, 0x1f4ece00, 0x1fc10000)
No shared spaces configured.
Event: 13.150 GC heap after
Heap after GC invocations=2 (full 0):
 def new generation   total 4928K, used 512K [0x0f010000, 0x0f560000, 0x14560000)
  eden space 4416K,   0% used [0x0f010000, 0x0f010000, 0x0f460000)
  from space 512K, 100% used [0x0f460000, 0x0f4e0000, 0x0f4e0000)
  to   space 512K,   0% used [0x0f4e0000, 0x0f4e0000, 0x0f560000)
 tenured generation   total 10944K, used 1611K [0x14560000, 0x15010000, 0x1f010000)
   the space 10944K,  14% used [0x14560000, 0x146f2f08, 0x146f3000, 0x15010000)
 compacting perm gen  total 12288K, used 4979K [0x1f010000, 0x1fc10000, 0x23010000)
   the space 12288K,  40% used [0x1f010000, 0x1f4ecc50, 0x1f4ece00, 0x1fc10000)
No shared spaces configured.
}
Event: 17.160 GC heap before
{Heap before GC invocations=2 (full 0):
 def new generation   total 4928K, used 4926K [0x0f010000, 0x0f560000, 0x14560000)
  eden space 4416K,  99% used [0x0f010000, 0x0f45f8d0, 0x0f460000)
  from space 512K, 100% used [0x0f460000, 0x0f4e0000, 0x0f4e0000)
  to   space 512K,   0% used [0x0f4e0000, 0x0f4e0000, 0x0f560000)
 tenured generation   total 10944K, used 1611K [0x14560000, 0x15010000, 0x1f010000)
   the space 10944K,  14% used [0x14560000, 0x146f2f08, 0x146f3000, 0x15010000)
 compacting perm gen  total 12288K, used 6014K [0x1f010000, 0x1fc10000, 0x23010000)
   the space 12288K,  48% used [0x1f010000, 0x1f5ef9e0, 0x1f5efa00, 0x1fc10000)
No shared spaces configured.
Event: 17.173 GC heap after
Heap after GC invocations=3 (full 0):
 def new generation   total 4928K, used 322K [0x0f010000, 0x0f560000, 0x14560000)
  eden space 4416K,   0% used [0x0f010000, 0x0f010000, 0x0f460000)
  from space 512K,  63% used [0x0f4e0000, 0x0f530ad0, 0x0f560000)
  to   space 512K,   0% used [0x0f460000, 0x0f460000, 0x0f4e0000)
 tenured generation   total 10944K, used 4534K [0x14560000, 0x15010000, 0x1f010000)
   the space 10944K,  41% used [0x14560000, 0x149cda10, 0x149cdc00, 0x15010000)
 compacting perm gen  total 12288K, used 6014K [0x1f010000, 0x1fc10000, 0x23010000)
   the space 12288K,  48% used [0x1f010000, 0x1f5ef9e0, 0x1f5efa00, 0x1fc10000)
No shared spaces configured.
}
Event: 19.019 GC heap before
{Heap before GC invocations=3 (full 0):
 def new generation   total 4928K, used 4738K [0x0f010000, 0x0f560000, 0x14560000)
  eden space 4416K, 100% used [0x0f010000, 0x0f460000, 0x0f460000)
  from space 512K,  63% used [0x0f4e0000, 0x0f530ad0, 0x0f560000)
  to   space 512K,   0% used [0x0f460000, 0x0f460000, 0x0f4e0000)
 tenured generation   total 10944K, used 4534K [0x14560000, 0x15010000, 0x1f010000)
   the space 10944K,  41% used [0x14560000, 0x149cda10, 0x149cdc00, 0x15010000)
 compacting perm gen  total 12288K, used 6342K [0x1f010000, 0x1fc10000, 0x23010000)
   the space 12288K,  51% used [0x1f010000, 0x1f641b48, 0x1f641c00, 0x1fc10000)
No shared spaces configured.
Event: 19.024 GC heap after
Heap after GC invocations=4 (full 0):
 def new generation   total 4928K, used 95K [0x0f010000, 0x0f560000, 0x14560000)
  eden space 4416K,   0% used [0x0f010000, 0x0f010000, 0x0f460000)
  from space 512K,  18% used [0x0f460000, 0x0f477f00, 0x0f4e0000)
  to   space 512K,   0% used [0x0f4e0000, 0x0f4e0000, 0x0f560000)
 tenured generation   total 10944K, used 4843K [0x14560000, 0x15010000, 0x1f010000)
   the space 10944K,  44% used [0x14560000, 0x14a1af20, 0x14a1b000, 0x15010000)
 compacting perm gen  total 12288K, used 6342K [0x1f010000, 0x1fc10000, 0x23010000)
   the space 12288K,  51% used [0x1f010000, 0x1f641b48, 0x1f641c00, 0x1fc10000)
No shared spaces configured.
}
Event: 20.661 GC heap before
{Heap before GC invocations=4 (full 0):
 def new generation   total 4928K, used 4512K [0x0f010000, 0x0f560000, 0x14560000)
  eden space 4416K, 100% used [0x0f010000, 0x0f460000, 0x0f460000)
  from space 512K,  18% used [0x0f460000, 0x0f478048, 0x0f4e0000)
  to   space 512K,   0% used [0x0f4e0000, 0x0f4e0000, 0x0f560000)
 tenured generation   total 10944K, used 4843K [0x14560000, 0x15010000, 0x1f010000)
   the space 10944K,  44% used [0x14560000, 0x14a1af20, 0x14a1b000, 0x15010000)
 compacting perm gen  total 12288K, used 6342K [0x1f010000, 0x1fc10000, 0x23010000)
   the space 12288K,  51% used [0x1f010000, 0x1f641bd8, 0x1f641c00, 0x1fc10000)
No shared spaces configured.
Event: 20.665 GC heap after
Heap after GC invocations=5 (full 0):
 def new generation   total 4928K, used 98K [0x0f010000, 0x0f560000, 0x14560000)
  eden space 4416K,   0% used [0x0f010000, 0x0f010000, 0x0f460000)
  from space 512K,  19% used [0x0f4e0000, 0x0f4f8978, 0x0f560000)
  to   space 512K,   0% used [0x0f460000, 0x0f460000, 0x0f4e0000)
 tenured generation   total 10944K, used 4843K [0x14560000, 0x15010000, 0x1f010000)
   the space 10944K,  44% used [0x14560000, 0x14a1af20, 0x14a1b000, 0x15010000)
 compacting perm gen  total 12288K, used 6342K [0x1f010000, 0x1fc10000, 0x23010000)
   the space 12288K,  51% used [0x1f010000, 0x1f641bd8, 0x1f641c00, 0x1fc10000)
No shared spaces configured.
}
Event: 23.153 GC heap before
{Heap before GC invocations=5 (full 0):
 def new generation   total 4928K, used 4514K [0x0f010000, 0x0f560000, 0x14560000)
  eden space 4416K, 100% used [0x0f010000, 0x0f460000, 0x0f460000)
  from space 512K,  19% used [0x0f4e0000, 0x0f4f8978, 0x0f560000)
  to   space 512K,   0% used [0x0f460000, 0x0f460000, 0x0f4e0000)
 tenured generation   total 10944K, used 4843K [0x14560000, 0x15010000, 0x1f010000)
   the space 10944K,  44% used [0x14560000, 0x14a1af20, 0x14a1b000, 0x15010000)
 compacting perm gen  total 12288K, used 6343K [0x1f010000, 0x1fc10000, 0x23010000)
   the space 12288K,  51% used [0x1f010000, 0x1f641c68, 0x1f641e00, 0x1fc10000)
No shared spaces configured.
Event: 23.155 GC heap after
Heap after GC invocations=6 (full 0):
 def new generation   total 4928K, used 106K [0x0f010000, 0x0f560000, 0x14560000)
  eden space 4416K,   0% used [0x0f010000, 0x0f010000, 0x0f460000)
  from space 512K,  20% used [0x0f460000, 0x0f47a878, 0x0f4e0000)
  to   space 512K,   0% used [0x0f4e0000, 0x0f4e0000, 0x0f560000)
 tenured generation   total 10944K, used 4843K [0x14560000, 0x15010000, 0x1f010000)
   the space 10944K,  44% used [0x14560000, 0x14a1af20, 0x14a1b000, 0x15010000)
 compacting perm gen  total 12288K, used 6343K [0x1f010000, 0x1fc10000, 0x23010000)
   the space 12288K,  51% used [0x1f010000, 0x1f641c68, 0x1f641e00, 0x1fc10000)
No shared spaces configured.
}

