# JRE version: 7.0_07-b11
# Java VM: Java HotSpot(TM) Client VM (23.3-b01 mixed mode windows-x86 )
Heap
 def new generation   total 4928K, used 1716K [0x0f010000, 0x0f560000, 0x14560000)
  eden space 4416K,  36% used [0x0f010000, 0x0f1a8078, 0x0f460000)
  from space 512K,  16% used [0x0f4e0000, 0x0f4f5148, 0x0f560000)
  to   space 512K,   0% used [0x0f460000, 0x0f460000, 0x0f4e0000)
 tenured generation   total 10944K, used 4906K [0x14560000, 0x15010000, 0x1f010000)
   the space 10944K,  44% used [0x14560000, 0x14a2a840, 0x14a2aa00, 0x15010000)
 compacting perm gen  total 12288K, used 6574K [0x1f010000, 0x1fc10000, 0x23010000)
   the space 12288K,  53% used [0x1f010000, 0x1f67bac8, 0x1f67bc00, 0x1fc10000)
GC Heap History (10 events):
Event: 18.612 GC heap before
{Heap before GC invocations=3 (full 0):
 def new generation   total 4928K, used 4715K [0x0f010000, 0x0f560000, 0x14560000)
  eden space 4416K, 100% used [0x0f010000, 0x0f460000, 0x0f460000)
  from space 512K,  58% used [0x0f4e0000, 0x0f52add0, 0x0f560000)
  to   space 512K,   0% used [0x0f460000, 0x0f460000, 0x0f4e0000)
 tenured generation   total 10944K, used 4614K [0x14560000, 0x15010000, 0x1f010000)
   the space 10944K,  42% used [0x14560000, 0x149e1ae0, 0x149e1c00, 0x15010000)
 compacting perm gen  total 12288K, used 6343K [0x1f010000, 0x1fc10000, 0x23010000)
   the space 12288K,  51% used [0x1f010000, 0x1f641c90, 0x1f641e00, 0x1fc10000)
No shared spaces configured.
Event: 18.617 GC heap after
Heap after GC invocations=4 (full 0):
 def new generation   total 4928K, used 37K [0x0f010000, 0x0f560000, 0x14560000)
  eden space 4416K,   0% used [0x0f010000, 0x0f010000, 0x0f460000)
  from space 512K,   7% used [0x0f460000, 0x0f469570, 0x0f4e0000)
  to   space 512K,   0% used [0x0f4e0000, 0x0f4e0000, 0x0f560000)
 tenured generation   total 10944K, used 4906K [0x14560000, 0x15010000, 0x1f010000)
   the space 10944K,  44% used [0x14560000, 0x14a2a840, 0x14a2aa00, 0x15010000)
 compacting perm gen  total 12288K, used 6343K [0x1f010000, 0x1fc10000, 0x23010000)
   the space 12288K,  51% used [0x1f010000, 0x1f641c90, 0x1f641e00, 0x1fc10000)
No shared spaces configured.
}
Event: 19.755 GC heap before
{Heap before GC invocations=4 (full 0):
 def new generation   total 4928K, used 4453K [0x0f010000, 0x0f560000, 0x14560000)
  eden space 4416K, 100% used [0x0f010000, 0x0f460000, 0x0f460000)
  from space 512K,   7% used [0x0f460000, 0x0f469570, 0x0f4e0000)
  to   space 512K,   0% used [0x0f4e0000, 0x0f4e0000, 0x0f560000)
 tenured generation   total 10944K, used 4906K [0x14560000, 0x15010000, 0x1f010000)
   the space 10944K,  44% used [0x14560000, 0x14a2a840, 0x14a2aa00, 0x15010000)
 compacting perm gen  total 12288K, used 6343K [0x1f010000, 0x1fc10000, 0x23010000)
   the space 12288K,  51% used [0x1f010000, 0x1f641d30, 0x1f641e00, 0x1fc10000)
No shared spaces configured.
Event: 19.758 GC heap after
Heap after GC invocations=5 (full 0):
 def new generation   total 4928K, used 54K [0x0f010000, 0x0f560000, 0x14560000)
  eden space 4416K,   0% used [0x0f010000, 0x0f010000, 0x0f460000)
  from space 512K,  10% used [0x0f4e0000, 0x0f4ed810, 0x0f560000)
  to   space 512K,   0% used [0x0f460000, 0x0f460000, 0x0f4e0000)
 tenured generation   total 10944K, used 4906K [0x14560000, 0x15010000, 0x1f010000)
   the space 10944K,  44% used [0x14560000, 0x14a2a840, 0x14a2aa00, 0x15010000)
 compacting perm gen  total 12288K, used 6343K [0x1f010000, 0x1fc10000, 0x23010000)
   the space 12288K,  51% used [0x1f010000, 0x1f641d30, 0x1f641e00, 0x1fc10000)
No shared spaces configured.
}
Event: 21.101 GC heap before
{Heap before GC invocations=5 (full 0):
 def new generation   total 4928K, used 4470K [0x0f010000, 0x0f560000, 0x14560000)
  eden space 4416K, 100% used [0x0f010000, 0x0f460000, 0x0f460000)
  from space 512K,  10% used [0x0f4e0000, 0x0f4ed810, 0x0f560000)
  to   space 512K,   0% used [0x0f460000, 0x0f460000, 0x0f4e0000)
 tenured generation   total 10944K, used 4906K [0x14560000, 0x15010000, 0x1f010000)
   the space 10944K,  44% used [0x14560000, 0x14a2a840, 0x14a2aa00, 0x15010000)
 compacting perm gen  total 12288K, used 6343K [0x1f010000, 0x1fc10000, 0x23010000)
   the space 12288K,  51% used [0x1f010000, 0x1f641dc0, 0x1f641e00, 0x1fc10000)
No shared spaces configured.
Event: 21.104 GC heap after
Heap after GC invocations=6 (full 0):
 def new generation   total 4928K, used 43K [0x0f010000, 0x0f560000, 0x14560000)
  eden space 4416K,   0% used [0x0f010000, 0x0f010000, 0x0f460000)
  from space 512K,   8% used [0x0f460000, 0x0f46ad78, 0x0f4e0000)
  to   space 512K,   0% used [0x0f4e0000, 0x0f4e0000, 0x0f560000)
 tenured generation   total 10944K, used 4906K [0x14560000, 0x15010000, 0x1f010000)
   the space 10944K,  44% used [0x14560000, 0x14a2a840, 0x14a2aa00, 0x15010000)
 compacting perm gen  total 12288K, used 6343K [0x1f010000, 0x1fc10000, 0x23010000)
   the space 12288K,  51% used [0x1f010000, 0x1f641dc0, 0x1f641e00, 0x1fc10000)
No shared spaces configured.
}
Event: 22.227 GC heap before
{Heap before GC invocations=6 (full 0):
 def new generation   total 4928K, used 4459K [0x0f010000, 0x0f560000, 0x14560000)
  eden space 4416K, 100% used [0x0f010000, 0x0f460000, 0x0f460000)
  from space 512K,   8% used [0x0f460000, 0x0f46ad78, 0x0f4e0000)
  to   space 512K,   0% used [0x0f4e0000, 0x0f4e0000, 0x0f560000)
 tenured generation   total 10944K, used 4906K [0x14560000, 0x15010000, 0x1f010000)
   the space 10944K,  44% used [0x14560000, 0x14a2a840, 0x14a2aa00, 0x15010000)
 compacting perm gen  total 12288K, used 6343K [0x1f010000, 0x1fc10000, 0x23010000)
   the space 12288K,  51% used [0x1f010000, 0x1f641e20, 0x1f642000, 0x1fc10000)
No shared spaces configured.
Event: 22.230 GC heap after
Heap after GC invocations=7 (full 0):
 def new generation   total 4928K, used 48K [0x0f010000, 0x0f560000, 0x14560000)
  eden space 4416K,   0% used [0x0f010000, 0x0f010000, 0x0f460000)
  from space 512K,   9% used [0x0f4e0000, 0x0f4ec238, 0x0f560000)
  to   space 512K,   0% used [0x0f460000, 0x0f460000, 0x0f4e0000)
 tenured generation   total 10944K, used 4906K [0x14560000, 0x15010000, 0x1f010000)
   the space 10944K,  44% used [0x14560000, 0x14a2a840, 0x14a2aa00, 0x15010000)
 compacting perm gen  total 12288K, used 6343K [0x1f010000, 0x1fc10000, 0x23010000)
   the space 12288K,  51% used [0x1f010000, 0x1f641e20, 0x1f642000, 0x1fc10000)
No shared spaces configured.
}
Event: 23.763 GC heap before
{Heap before GC invocations=7 (full 0):
 def new generation   total 4928K, used 4466K [0x0f010000, 0x0f560000, 0x14560000)
  eden space 4416K, 100% used [0x0f010000, 0x0f460000, 0x0f460000)
  from space 512K,   9% used [0x0f4e0000, 0x0f4ec918, 0x0f560000)
  to   space 512K,   0% used [0x0f460000, 0x0f460000, 0x0f4e0000)
 tenured generation   total 10944K, used 4906K [0x14560000, 0x15010000, 0x1f010000)
   the space 10944K,  44% used [0x14560000, 0x14a2a840, 0x14a2aa00, 0x15010000)
 compacting perm gen  total 12288K, used 6347K [0x1f010000, 0x1fc10000, 0x23010000)
   the space 12288K,  51% used [0x1f010000, 0x1f642d20, 0x1f642e00, 0x1fc10000)
No shared spaces configured.
Event: 23.767 GC heap after
Heap after GC invocations=8 (full 0):
 def new generation   total 4928K, used 61K [0x0f010000, 0x0f560000, 0x14560000)
  eden space 4416K,   0% used [0x0f010000, 0x0f010000, 0x0f460000)
  from space 512K,  11% used [0x0f460000, 0x0f46f570, 0x0f4e0000)
  to   space 512K,   0% used [0x0f4e0000, 0x0f4e0000, 0x0f560000)
 tenured generation   total 10944K, used 4906K [0x14560000, 0x15010000, 0x1f010000)
   the space 10944K,  44% used [0x14560000, 0x14a2a840, 0x14a2aa00, 0x15010000)
 compacting perm gen  total 12288K, used 6347K [0x1f010000, 0x1fc10000, 0x23010000)
   the space 12288K,  51% used [0x1f010000, 0x1f642d20, 0x1f642e00, 0x1fc10000)
No shared spaces configured.
}

