# JRE version: 7.0_07-b11
# Java VM: Java HotSpot(TM) Client VM (23.3-b01 mixed mode windows-x86 )
Heap
 def new generation   total 4928K, used 2029K [0x0f010000, 0x0f560000, 0x14560000)
  eden space 4416K,  44% used [0x0f010000, 0x0f1fa698, 0x0f460000)
  from space 512K,  13% used [0x0f4e0000, 0x0f4f0fa8, 0x0f560000)
  to   space 512K,   0% used [0x0f460000, 0x0f460000, 0x0f4e0000)
 tenured generation   total 10944K, used 4916K [0x14560000, 0x15010000, 0x1f010000)
   the space 10944K,  44% used [0x14560000, 0x14a2d0c8, 0x14a2d200, 0x15010000)
 compacting perm gen  total 12288K, used 6574K [0x1f010000, 0x1fc10000, 0x23010000)
   the space 12288K,  53% used [0x1f010000, 0x1f67b9c8, 0x1f67ba00, 0x1fc10000)
GC Heap History (10 events):
Event: 18.840 GC heap before
{Heap before GC invocations=4 (full 0):
 def new generation   total 4928K, used 27K [0x0f010000, 0x0f560000, 0x14560000)
  eden space 4416K,   0% used [0x0f010000, 0x0f010040, 0x0f460000)
  from space 512K,   5% used [0x0f460000, 0x0f466e10, 0x0f4e0000)
  to   space 512K,   0% used [0x0f4e0000, 0x0f4e0000, 0x0f560000)
 tenured generation   total 10944K, used 4916K [0x14560000, 0x15010000, 0x1f010000)
   the space 10944K,  44% used [0x14560000, 0x14a2d0c8, 0x14a2d200, 0x15010000)
 compacting perm gen  total 12288K, used 6340K [0x1f010000, 0x1fc10000, 0x23010000)
   the space 12288K,  51% used [0x1f010000, 0x1f641318, 0x1f641400, 0x1fc10000)
No shared spaces configured.
Event: 18.842 GC heap after
Heap after GC invocations=5 (full 0):
 def new generation   total 4928K, used 6K [0x0f010000, 0x0f560000, 0x14560000)
  eden space 4416K,   0% used [0x0f010000, 0x0f010000, 0x0f460000)
  from space 512K,   1% used [0x0f4e0000, 0x0f4e1930, 0x0f560000)
  to   space 512K,   0% used [0x0f460000, 0x0f460000, 0x0f4e0000)
 tenured generation   total 10944K, used 4916K [0x14560000, 0x15010000, 0x1f010000)
   the space 10944K,  44% used [0x14560000, 0x14a2d0c8, 0x14a2d200, 0x15010000)
 compacting perm gen  total 12288K, used 6340K [0x1f010000, 0x1fc10000, 0x23010000)
   the space 12288K,  51% used [0x1f010000, 0x1f641318, 0x1f641400, 0x1fc10000)
No shared spaces configured.
}
Event: 20.231 GC heap before
{Heap before GC invocations=5 (full 0):
 def new generation   total 4928K, used 4435K [0x0f010000, 0x0f560000, 0x14560000)
  eden space 4416K, 100% used [0x0f010000, 0x0f460000, 0x0f460000)
  from space 512K,   3% used [0x0f4e0000, 0x0f4e4fa8, 0x0f560000)
  to   space 512K,   0% used [0x0f460000, 0x0f460000, 0x0f4e0000)
 tenured generation   total 10944K, used 4916K [0x14560000, 0x15010000, 0x1f010000)
   the space 10944K,  44% used [0x14560000, 0x14a2d0c8, 0x14a2d200, 0x15010000)
 compacting perm gen  total 12288K, used 6340K [0x1f010000, 0x1fc10000, 0x23010000)
   the space 12288K,  51% used [0x1f010000, 0x1f6413e8, 0x1f641400, 0x1fc10000)
No shared spaces configured.
Event: 20.233 GC heap after
Heap after GC invocations=6 (full 0):
 def new generation   total 4928K, used 36K [0x0f010000, 0x0f560000, 0x14560000)
  eden space 4416K,   0% used [0x0f010000, 0x0f010000, 0x0f460000)
  from space 512K,   7% used [0x0f460000, 0x0f469028, 0x0f4e0000)
  to   space 512K,   0% used [0x0f4e0000, 0x0f4e0000, 0x0f560000)
 tenured generation   total 10944K, used 4916K [0x14560000, 0x15010000, 0x1f010000)
   the space 10944K,  44% used [0x14560000, 0x14a2d0c8, 0x14a2d200, 0x15010000)
 compacting perm gen  total 12288K, used 6340K [0x1f010000, 0x1fc10000, 0x23010000)
   the space 12288K,  51% used [0x1f010000, 0x1f6413e8, 0x1f641400, 0x1fc10000)
No shared spaces configured.
}
Event: 21.892 GC heap before
{Heap before GC invocations=6 (full 0):
 def new generation   total 4928K, used 4452K [0x0f010000, 0x0f560000, 0x14560000)
  eden space 4416K, 100% used [0x0f010000, 0x0f460000, 0x0f460000)
  from space 512K,   7% used [0x0f460000, 0x0f469028, 0x0f4e0000)
  to   space 512K,   0% used [0x0f4e0000, 0x0f4e0000, 0x0f560000)
 tenured generation   total 10944K, used 4916K [0x14560000, 0x15010000, 0x1f010000)
   the space 10944K,  44% used [0x14560000, 0x14a2d0c8, 0x14a2d200, 0x15010000)
 compacting perm gen  total 12288K, used 6341K [0x1f010000, 0x1fc10000, 0x23010000)
   the space 12288K,  51% used [0x1f010000, 0x1f6414b8, 0x1f641600, 0x1fc10000)
No shared spaces configured.
Event: 21.893 GC heap after
Heap after GC invocations=7 (full 0):
 def new generation   total 4928K, used 42K [0x0f010000, 0x0f560000, 0x14560000)
  eden space 4416K,   0% used [0x0f010000, 0x0f010000, 0x0f460000)
  from space 512K,   8% used [0x0f4e0000, 0x0f4eabb0, 0x0f560000)
  to   space 512K,   0% used [0x0f460000, 0x0f460000, 0x0f4e0000)
 tenured generation   total 10944K, used 4916K [0x14560000, 0x15010000, 0x1f010000)
   the space 10944K,  44% used [0x14560000, 0x14a2d0c8, 0x14a2d200, 0x15010000)
 compacting perm gen  total 12288K, used 6341K [0x1f010000, 0x1fc10000, 0x23010000)
   the space 12288K,  51% used [0x1f010000, 0x1f6414b8, 0x1f641600, 0x1fc10000)
No shared spaces configured.
}
Event: 23.770 GC heap before
{Heap before GC invocations=7 (full 0):
 def new generation   total 4928K, used 4458K [0x0f010000, 0x0f560000, 0x14560000)
  eden space 4416K, 100% used [0x0f010000, 0x0f460000, 0x0f460000)
  from space 512K,   8% used [0x0f4e0000, 0x0f4eabb0, 0x0f560000)
  to   space 512K,   0% used [0x0f460000, 0x0f460000, 0x0f4e0000)
 tenured generation   total 10944K, used 4916K [0x14560000, 0x15010000, 0x1f010000)
   the space 10944K,  44% used [0x14560000, 0x14a2d0c8, 0x14a2d200, 0x15010000)
 compacting perm gen  total 12288K, used 6341K [0x1f010000, 0x1fc10000, 0x23010000)
   the space 12288K,  51% used [0x1f010000, 0x1f6414d8, 0x1f641600, 0x1fc10000)
No shared spaces configured.
Event: 23.773 GC heap after
Heap after GC invocations=8 (full 0):
 def new generation   total 4928K, used 48K [0x0f010000, 0x0f560000, 0x14560000)
  eden space 4416K,   0% used [0x0f010000, 0x0f010000, 0x0f460000)
  from space 512K,   9% used [0x0f460000, 0x0f46c3a0, 0x0f4e0000)
  to   space 512K,   0% used [0x0f4e0000, 0x0f4e0000, 0x0f560000)
 tenured generation   total 10944K, used 4916K [0x14560000, 0x15010000, 0x1f010000)
   the space 10944K,  44% used [0x14560000, 0x14a2d0c8, 0x14a2d200, 0x15010000)
 compacting perm gen  total 12288K, used 6341K [0x1f010000, 0x1fc10000, 0x23010000)
   the space 12288K,  51% used [0x1f010000, 0x1f6414d8, 0x1f641600, 0x1fc10000)
No shared spaces configured.
}
Event: 25.433 GC heap before
{Heap before GC invocations=8 (full 0):
 def new generation   total 4928K, used 4464K [0x0f010000, 0x0f560000, 0x14560000)
  eden space 4416K, 100% used [0x0f010000, 0x0f460000, 0x0f460000)
  from space 512K,   9% used [0x0f460000, 0x0f46c3a0, 0x0f4e0000)
  to   space 512K,   0% used [0x0f4e0000, 0x0f4e0000, 0x0f560000)
 tenured generation   total 10944K, used 4916K [0x14560000, 0x15010000, 0x1f010000)
   the space 10944K,  44% used [0x14560000, 0x14a2d0c8, 0x14a2d200, 0x15010000)
 compacting perm gen  total 12288K, used 6443K [0x1f010000, 0x1fc10000, 0x23010000)
   the space 12288K,  52% used [0x1f010000, 0x1f65ac40, 0x1f65ae00, 0x1fc10000)
No shared spaces configured.
Event: 25.436 GC heap after
Heap after GC invocations=9 (full 0):
 def new generation   total 4928K, used 67K [0x0f010000, 0x0f560000, 0x14560000)
  eden space 4416K,   0% used [0x0f010000, 0x0f010000, 0x0f460000)
  from space 512K,  13% used [0x0f4e0000, 0x0f4f0fa8, 0x0f560000)
  to   space 512K,   0% used [0x0f460000, 0x0f460000, 0x0f4e0000)
 tenured generation   total 10944K, used 4916K [0x14560000, 0x15010000, 0x1f010000)
   the space 10944K,  44% used [0x14560000, 0x14a2d0c8, 0x14a2d200, 0x15010000)
 compacting perm gen  total 12288K, used 6443K [0x1f010000, 0x1fc10000, 0x23010000)
   the space 12288K,  52% used [0x1f010000, 0x1f65ac40, 0x1f65ae00, 0x1fc10000)
No shared spaces configured.
}

